Determining if the CL_VERSION_2_2 exist failed with the following output:
Change Dir: /home/gabriel/Desktop/parallelSysAssignment/OpenCL/build/CMakeFiles/CMakeTmp

Run Build Command:"/usr/bin/make" "cmTC_3c484/fast"
/usr/bin/make -f CMakeFiles/cmTC_3c484.dir/build.make CMakeFiles/cmTC_3c484.dir/build
make[1]: Entering directory '/home/gabriel/Desktop/parallelSysAssignment/OpenCL/build/CMakeFiles/CMakeTmp'
Building CXX object CMakeFiles/cmTC_3c484.dir/CheckSymbolExists.cxx.o
/usr/bin/c++     -o CMakeFiles/cmTC_3c484.dir/CheckSymbolExists.cxx.o -c /home/gabriel/Desktop/parallelSysAssignment/OpenCL/build/CMakeFiles/CMakeTmp/CheckSymbolExists.cxx
/home/gabriel/Desktop/parallelSysAssignment/OpenCL/build/CMakeFiles/CMakeTmp/CheckSymbolExists.cxx: In function ‘int main(int, char**)’:
/home/gabriel/Desktop/parallelSysAssignment/OpenCL/build/CMakeFiles/CMakeTmp/CheckSymbolExists.cxx:8:19: error: ‘CL_VERSION_2_2’ was not declared in this scope
   return ((int*)(&CL_VERSION_2_2))[argc];
                   ^
CMakeFiles/cmTC_3c484.dir/build.make:65: recipe for target 'CMakeFiles/cmTC_3c484.dir/CheckSymbolExists.cxx.o' failed
make[1]: *** [CMakeFiles/cmTC_3c484.dir/CheckSymbolExists.cxx.o] Error 1
make[1]: Leaving directory '/home/gabriel/Desktop/parallelSysAssignment/OpenCL/build/CMakeFiles/CMakeTmp'
Makefile:126: recipe for target 'cmTC_3c484/fast' failed
make: *** [cmTC_3c484/fast] Error 2

File /home/gabriel/Desktop/parallelSysAssignment/OpenCL/build/CMakeFiles/CMakeTmp/CheckSymbolExists.cxx:
/* */
#include </usr/include/CL/cl.h>

int main(int argc, char** argv)
{
  (void)argv;
#ifndef CL_VERSION_2_2
  return ((int*)(&CL_VERSION_2_2))[argc];
#else
  (void)argc;
  return 0;
#endif
}

Determining if the CL_VERSION_2_1 exist failed with the following output:
Change Dir: /home/gabriel/Desktop/parallelSysAssignment/OpenCL/build/CMakeFiles/CMakeTmp

Run Build Command:"/usr/bin/make" "cmTC_55f15/fast"
/usr/bin/make -f CMakeFiles/cmTC_55f15.dir/build.make CMakeFiles/cmTC_55f15.dir/build
make[1]: Entering directory '/home/gabriel/Desktop/parallelSysAssignment/OpenCL/build/CMakeFiles/CMakeTmp'
Building CXX object CMakeFiles/cmTC_55f15.dir/CheckSymbolExists.cxx.o
/usr/bin/c++     -o CMakeFiles/cmTC_55f15.dir/CheckSymbolExists.cxx.o -c /home/gabriel/Desktop/parallelSysAssignment/OpenCL/build/CMakeFiles/CMakeTmp/CheckSymbolExists.cxx
/home/gabriel/Desktop/parallelSysAssignment/OpenCL/build/CMakeFiles/CMakeTmp/CheckSymbolExists.cxx: In function ‘int main(int, char**)’:
/home/gabriel/Desktop/parallelSysAssignment/OpenCL/build/CMakeFiles/CMakeTmp/CheckSymbolExists.cxx:8:19: error: ‘CL_VERSION_2_1’ was not declared in this scope
   return ((int*)(&CL_VERSION_2_1))[argc];
                   ^
CMakeFiles/cmTC_55f15.dir/build.make:65: recipe for target 'CMakeFiles/cmTC_55f15.dir/CheckSymbolExists.cxx.o' failed
make[1]: *** [CMakeFiles/cmTC_55f15.dir/CheckSymbolExists.cxx.o] Error 1
make[1]: Leaving directory '/home/gabriel/Desktop/parallelSysAssignment/OpenCL/build/CMakeFiles/CMakeTmp'
Makefile:126: recipe for target 'cmTC_55f15/fast' failed
make: *** [cmTC_55f15/fast] Error 2

File /home/gabriel/Desktop/parallelSysAssignment/OpenCL/build/CMakeFiles/CMakeTmp/CheckSymbolExists.cxx:
/* */
#include </usr/include/CL/cl.h>

int main(int argc, char** argv)
{
  (void)argv;
#ifndef CL_VERSION_2_1
  return ((int*)(&CL_VERSION_2_1))[argc];
#else
  (void)argc;
  return 0;
#endif
}

